12.06.2022 01:01:21 sql=[select * from categories] 
12.06.2022 01:01:21 sql=[select * from categories] 
12.06.2022 01:01:21 sql=[SELECT * FROM products ORDER BY id DESC LIMIT 1] 
12.06.2022 01:02:33 sql=[select * from categories] 
12.06.2022 01:02:33 sql=[select * from categories] 
12.06.2022 01:02:33 sql=[SELECT * FROM products ORDER BY id DESC LIMIT 1] 
12.06.2022 01:02:49 sql=[select * from products 
	where id=83] 
12.06.2022 01:02:49 sql=[select * from categories] 
12.06.2022 01:02:49 sql=[select * from categories] 
12.06.2022 01:02:49 sql=[SELECT * FROM products ORDER BY id DESC LIMIT 1] 
12.06.2022 01:03:00 sql=[select * from categories] 
12.06.2022 01:03:00 sql=[select * from categories] 
12.06.2022 01:03:00 sql=[SELECT * FROM products ORDER BY id DESC LIMIT 1] 
12.06.2022 01:03:11 sql=[select * from products 
	where id=83] 
12.06.2022 01:03:11 sql=[select * from categories] 
12.06.2022 01:03:11 sql=[select * from categories] 
12.06.2022 01:03:11 sql=[SELECT * FROM products ORDER BY id DESC LIMIT 1] 
12.06.2022 01:34:09 sql=[select * from categories] 
12.06.2022 01:34:09 sql=[select * from categories] 
12.06.2022 01:34:09 sql=[SELECT * FROM products ORDER BY id DESC LIMIT 1] 
12.06.2022 01:37:13 sql=[select * from categories] 
12.06.2022 01:37:13 sql=[select * from categories] 
12.06.2022 01:37:13 sql=[SELECT * FROM products ORDER BY id DESC LIMIT 1] 
12.06.2022 01:37:38 sql=[select * from categories] 
12.06.2022 01:37:38 sql=[select * from categories] 
12.06.2022 01:37:38 sql=[SELECT * FROM products ORDER BY id DESC LIMIT 1] 
12.06.2022 01:37:44 sql=[select * from products 
	where id=84] 
12.06.2022 01:37:44 sql=[select * from categories] 
12.06.2022 01:37:44 sql=[select * from categories] 
12.06.2022 01:37:44 sql=[SELECT * FROM products ORDER BY id DESC LIMIT 1] 
12.06.2022 01:38:04 sql=[select * from categories] 
12.06.2022 01:38:04 sql=[select * from categories] 
12.06.2022 01:38:04 sql=[SELECT * FROM products ORDER BY id DESC LIMIT 1] 
12.06.2022 01:38:08 sql=[select * from products 
	where id=84] 
12.06.2022 01:38:08 sql=[select * from categories] 
12.06.2022 01:38:08 sql=[SELECT * FROM products ORDER BY id DESC LIMIT 1] 
12.06.2022 01:38:45 sql=[select * from products 
	where id=84] 
12.06.2022 01:38:45 sql=[select * from categories] 
12.06.2022 01:38:45 sql=[SELECT * FROM products ORDER BY id DESC LIMIT 1] 
12.06.2022 01:39:09 sql=[select * from products 
	where id=84] 
12.06.2022 01:39:09 sql=[select * from categories] 
12.06.2022 01:39:09 sql=[SELECT * FROM products ORDER BY id DESC LIMIT 1] 
12.06.2022 01:39:43 sql=[select * from products 
	where id=84] 
12.06.2022 01:39:45 sql=[select * from products 
	where id=84] 
12.06.2022 01:39:46 sql=[select * from categories] 
12.06.2022 01:39:46 sql=[select * from categories] 
12.06.2022 01:39:46 sql=[SELECT * FROM products ORDER BY id DESC LIMIT 1] 
12.06.2022 01:39:49 sql=[select * from products 
	where id=83] 
12.06.2022 01:39:49 sql=[select * from categories] 
12.06.2022 01:39:49 sql=[SELECT * FROM products ORDER BY id DESC LIMIT 1] 
12.06.2022 01:39:57 sql=[select * from products 
	where id=83] 
12.06.2022 01:40:00 sql=[select * from categories] 
12.06.2022 01:40:00 sql=[select * from categories] 
12.06.2022 01:40:00 sql=[SELECT * FROM products ORDER BY id DESC LIMIT 1] 
12.06.2022 01:40:03 sql=[select * from products 
	where id=82] 
12.06.2022 01:40:03 sql=[select * from categories] 
12.06.2022 01:40:03 sql=[SELECT * FROM products ORDER BY id DESC LIMIT 1] 
12.06.2022 01:40:06 sql=[select * from categories] 
12.06.2022 01:40:06 sql=[select * from categories] 
12.06.2022 01:40:06 sql=[SELECT * FROM products ORDER BY id DESC LIMIT 1] 
12.06.2022 01:44:21 sql=[select * from categories] 
12.06.2022 01:44:21 sql=[select * from categories] 
12.06.2022 01:44:21 sql=[SELECT * FROM products ORDER BY id DESC LIMIT 1] 
12.06.2022 01:44:38 sql=[select * from categories] 
12.06.2022 01:44:38 sql=[select * from categories] 
12.06.2022 01:44:38 sql=[SELECT * FROM products ORDER BY id DESC LIMIT 1] 
12.06.2022 01:44:43 sql=[select * from products 
	where id=85] 
12.06.2022 01:44:43 sql=[select * from categories] 
12.06.2022 01:44:43 sql=[select * from categories] 
12.06.2022 01:44:43 sql=[SELECT * FROM products ORDER BY id DESC LIMIT 1] 
12.06.2022 01:50:27 sql=[select * from categories] 
12.06.2022 01:50:27 sql=[select * from categories] 
12.06.2022 01:50:27 sql=[SELECT * FROM products ORDER BY id DESC LIMIT 1] 
12.06.2022 01:50:42 sql=[select * from categories] 
12.06.2022 01:50:42 sql=[select * from categories] 
12.06.2022 01:50:42 sql=[SELECT * FROM products ORDER BY id DESC LIMIT 1] 
12.06.2022 01:50:46 sql=[select * from products 
	where id=86] 
12.06.2022 01:50:46 sql=[select * from categories] 
12.06.2022 01:50:46 sql=[select * from categories] 
12.06.2022 01:50:46 sql=[SELECT * FROM products ORDER BY id DESC LIMIT 1] 
12.06.2022 01:50:56 sql=[select * from categories] 
12.06.2022 01:50:56 sql=[select * from categories] 
12.06.2022 01:50:56 sql=[SELECT * FROM products ORDER BY id DESC LIMIT 1] 
12.06.2022 01:51:00 sql=[select * from products 
	where id=86] 
12.06.2022 01:51:00 sql=[select * from categories] 
12.06.2022 01:51:00 sql=[SELECT * FROM products ORDER BY id DESC LIMIT 1] 
12.06.2022 01:51:03 sql=[select * from categories] 
12.06.2022 01:51:03 sql=[select * from categories] 
12.06.2022 01:51:03 sql=[SELECT * FROM products ORDER BY id DESC LIMIT 1] 
12.06.2022 01:51:11 sql=[select * from products  order by id limit 6 ] 
12.06.2022 01:51:11 sql=[select * from categories] 
12.06.2022 01:51:11 sql=[SELECT * FROM products ORDER BY id DESC LIMIT 1] 
12.06.2022 01:51:21 sql=[select * from products where  (title like '%laptop%')  or (product_info like '%laptop%')  or (description like '%laptop%')  order by id limit 6 ] 
12.06.2022 01:51:21 sql=[select * from categories] 
12.06.2022 01:51:21 sql=[SELECT * FROM products ORDER BY id DESC LIMIT 1] 
12.06.2022 01:51:26 sql=[select * from products where  (title like '%laptop 123%')  or (product_info like '%laptop 123%')  or (description like '%laptop 123%')  order by id limit 6 ] 
12.06.2022 01:51:26 sql=[select * from categories] 
12.06.2022 01:51:26 sql=[SELECT * FROM products ORDER BY id DESC LIMIT 1] 
12.06.2022 01:51:46 sql=[select * from products where  (title like '%123%')  or (product_info like '%123%')  or (description like '%123%')  order by id limit 6 ] 
12.06.2022 01:51:46 sql=[select * from categories] 
12.06.2022 01:51:46 sql=[SELECT * FROM products ORDER BY id DESC LIMIT 1] 
12.06.2022 02:08:13 sql=[select * from products 
	where id=80] 
12.06.2022 02:08:14 sql=[select * from categories] 
12.06.2022 02:08:14 sql=[select * from categories] 
12.06.2022 02:08:14 sql=[SELECT * FROM products ORDER BY id DESC LIMIT 1] 
12.06.2022 02:08:34 sql=[select * from products where  (title like '%123%')  or (product_info like '%123%')  or (description like '%123%')  order by id limit 6 ] 
12.06.2022 02:08:34 sql=[select * from categories] 
12.06.2022 02:08:34 sql=[SELECT * FROM products ORDER BY id DESC LIMIT 1] 
12.06.2022 02:08:38 sql=[select * from products  order by id limit 6 ] 
12.06.2022 02:08:38 sql=[select * from categories] 
12.06.2022 02:08:38 sql=[SELECT * FROM products ORDER BY id DESC LIMIT 1] 
12.06.2022 02:08:42 sql=[select * from products 
	where id=1] 
12.06.2022 02:08:42 sql=[select * from categories] 
12.06.2022 02:08:42 sql=[select * from categories] 
12.06.2022 02:08:42 sql=[SELECT * FROM products ORDER BY id DESC LIMIT 1] 
12.06.2022 02:08:53 sql=[select * from categories] 
12.06.2022 02:08:53 sql=[select * from categories] 
12.06.2022 02:08:53 sql=[SELECT * FROM products ORDER BY id DESC LIMIT 1] 
12.06.2022 02:08:57 sql=[select * from categories] 
12.06.2022 02:08:57 sql=[select * from categories] 
12.06.2022 02:08:57 sql=[SELECT * FROM products ORDER BY id DESC LIMIT 1] 
12.06.2022 02:09:11 sql=[select * from categories] 
12.06.2022 02:09:11 sql=[select * from categories] 
12.06.2022 02:09:11 sql=[SELECT * FROM products ORDER BY id DESC LIMIT 1] 
12.06.2022 02:09:25 sql=[SELECT * FROM categories] 
12.06.2022 02:09:25 sql=[SELECT * FROM categories] 
12.06.2022 02:09:25 sql=[SELECT * FROM products ORDER BY id DESC LIMIT 1] 
12.06.2022 02:09:47 sql=[select * from review_table where pid = ] 
12.06.2022 02:09:47 Khong the select duoc,ERROR=[You have an error in your SQL syntax; check the manual that corresponds to your MySQL server version for the right syntax to use near '' at line 1] 
12.06.2022 02:09:47 COUNT=[0] 
12.06.2022 02:09:47 sql=[select * from categories] 
12.06.2022 02:09:47 sql=[SELECT * FROM products ORDER BY id DESC LIMIT 1] 
12.06.2022 02:09:50 sql=[select * from review_table where pid = 7] 
12.06.2022 02:09:50 sql=[select * from categories] 
12.06.2022 02:09:50 sql=[SELECT * FROM products ORDER BY id DESC LIMIT 1] 
12.06.2022 02:09:57 sql=[select * from review_table where pid = 7] 
12.06.2022 02:09:57 sql=[select * from categories] 
12.06.2022 02:09:57 sql=[SELECT * FROM products ORDER BY id DESC LIMIT 1] 
12.06.2022 02:38:46 sql=[select * from categories] 
12.06.2022 02:38:46 sql=[select * from categories] 
12.06.2022 02:38:46 sql=[SELECT * FROM products ORDER BY id DESC LIMIT 1] 
12.06.2022 02:38:56 sql=[select * from categories] 
12.06.2022 02:38:56 sql=[select * from categories] 
12.06.2022 02:38:56 sql=[SELECT * FROM products ORDER BY id DESC LIMIT 1] 
12.06.2022 02:39:01 sql=[select * from products where  (title like '%7%')  or (product_info like '%7%')  or (description like '%7%')  order by id limit 6 ] 
12.06.2022 02:39:01 sql=[select * from categories] 
12.06.2022 02:39:01 sql=[SELECT * FROM products ORDER BY id DESC LIMIT 1] 
12.06.2022 02:39:06 sql=[select * from products 
	where id=3] 
12.06.2022 02:39:06 sql=[select * from categories] 
12.06.2022 02:39:06 sql=[select * from categories] 
12.06.2022 02:39:06 sql=[SELECT * FROM products ORDER BY id DESC LIMIT 1] 
12.06.2022 02:39:16 sql=[select * from categories] 
12.06.2022 02:39:16 sql=[select * from categories] 
12.06.2022 02:39:16 sql=[SELECT * FROM products ORDER BY id DESC LIMIT 1] 
12.06.2022 02:39:22 sql=[select * from products 
	where id=88] 
12.06.2022 02:39:22 sql=[select * from categories] 
12.06.2022 02:39:22 sql=[SELECT * FROM products ORDER BY id DESC LIMIT 1] 
12.06.2022 02:39:26 sql=[select * from products where  (title like '%7%')  or (product_info like '%7%')  or (description like '%7%')  order by id limit 6 ] 
12.06.2022 02:39:26 sql=[select * from categories] 
12.06.2022 02:39:26 sql=[SELECT * FROM products ORDER BY id DESC LIMIT 1] 
12.06.2022 02:39:27 sql=[SELECT * FROM categories] 
12.06.2022 02:39:27 sql=[SELECT * FROM categories] 
12.06.2022 02:39:27 sql=[SELECT * FROM products ORDER BY id DESC LIMIT 1] 
12.06.2022 02:39:43 sql=[select * from review_table where pid = 7] 
12.06.2022 02:39:43 sql=[select * from categories] 
12.06.2022 02:39:43 sql=[SELECT * FROM products ORDER BY id DESC LIMIT 1] 
12.06.2022 02:39:45 sql=[select * from review_table where pid = 7] 
12.06.2022 02:39:45 sql=[select * from categories] 
12.06.2022 02:39:45 sql=[SELECT * FROM products ORDER BY id DESC LIMIT 1] 
12.06.2022 02:39:52 sql=[select * from review_table where pid = 7] 
12.06.2022 02:39:52 sql=[select * from categories] 
12.06.2022 02:39:52 sql=[SELECT * FROM products ORDER BY id DESC LIMIT 1] 
12.06.2022 02:39:55 sql=[select * from review_table where pid = 7] 
12.06.2022 02:39:55 sql=[select * from categories] 
12.06.2022 02:39:55 sql=[SELECT * FROM products ORDER BY id DESC LIMIT 1] 
12.06.2022 02:40:21 sql=[select * from review_table where pid = 7] 
12.06.2022 02:40:21 sql=[select * from categories] 
12.06.2022 02:40:21 sql=[SELECT * FROM products ORDER BY id DESC LIMIT 1] 
12.06.2022 02:40:25 sql=[select * from review_table where pid = 0] 
12.06.2022 02:40:25 sql=[select * from categories] 
12.06.2022 02:40:25 sql=[SELECT * FROM products ORDER BY id DESC LIMIT 1] 
12.06.2022 02:47:00 sql=[select * from review_table where pid = 0] 
12.06.2022 02:47:00 sql=[select * from categories] 
12.06.2022 02:47:00 sql=[SELECT * FROM products ORDER BY id DESC LIMIT 1] 
12.06.2022 02:53:58 sql=[select * from products  order by id limit 6 ] 
12.06.2022 02:53:58 sql=[select * from categories] 
12.06.2022 02:53:58 sql=[SELECT * FROM products ORDER BY id DESC LIMIT 1] 
12.06.2022 02:54:02 sql=[select * from products 
	where id=1] 
12.06.2022 02:54:02 sql=[select * from categories] 
12.06.2022 02:54:02 sql=[SELECT * FROM products ORDER BY id DESC LIMIT 1] 
12.06.2022 02:54:06 sql=[select * from products  order by id limit 6 ] 
12.06.2022 02:54:06 sql=[select * from categories] 
12.06.2022 02:54:06 sql=[SELECT * FROM products ORDER BY id DESC LIMIT 1] 
12.06.2022 02:54:07 sql=[select * from products 
	where id=1] 
12.06.2022 02:54:07 sql=[select * from categories] 
12.06.2022 02:54:07 sql=[select * from categories] 
12.06.2022 02:54:07 sql=[SELECT * FROM products ORDER BY id DESC LIMIT 1] 
12.06.2022 02:54:16 sql=[select * from categories] 
12.06.2022 02:54:16 sql=[select * from categories] 
12.06.2022 02:54:16 sql=[SELECT * FROM products ORDER BY id DESC LIMIT 1] 
12.06.2022 02:54:19 sql=[select * from categories] 
12.06.2022 02:54:19 sql=[select * from categories] 
12.06.2022 02:54:19 sql=[SELECT * FROM products ORDER BY id DESC LIMIT 1] 
12.06.2022 02:54:32 sql=[select * from categories] 
12.06.2022 02:54:32 sql=[select * from categories] 
12.06.2022 02:54:32 sql=[SELECT * FROM products ORDER BY id DESC LIMIT 1] 
12.06.2022 02:54:48 sql=[select * from review_table where pid = 0] 
12.06.2022 02:54:48 sql=[select * from categories] 
12.06.2022 02:54:48 sql=[SELECT * FROM products ORDER BY id DESC LIMIT 1] 
12.06.2022 02:54:50 sql=[select * from review_table where pid = 7] 
12.06.2022 02:54:51 sql=[select * from categories] 
12.06.2022 02:54:51 sql=[SELECT * FROM products ORDER BY id DESC LIMIT 1] 
12.06.2022 02:54:55 sql=[select * from review_table where pid = 7] 
12.06.2022 02:54:55 sql=[select * from categories] 
12.06.2022 02:54:55 sql=[SELECT * FROM products ORDER BY id DESC LIMIT 1] 
12.06.2022 02:54:57 sql=[SELECT * FROM categories] 
12.06.2022 02:54:57 sql=[SELECT * FROM categories] 
12.06.2022 02:54:57 sql=[SELECT * FROM products ORDER BY id DESC LIMIT 1] 
