01.06.2022 11:10:08 <!-- sql=[insert into products 
	(cid,img,title,product_code,product_info,start_price,price,sale,insurance,gift,description)
	values 
	('1','','testasdfv','abcd123','','','12341234','','','','')] --> 
01.06.2022 11:10:42 <!-- sql=[insert into products 
	(cid,img,title,product_code,product_info,start_price,price,sale,insurance,gift,description)
	values 
	('1','','testasdfv','abcd123','','','12341234','','','','')] --> 
01.06.2022 11:11:54 <!-- sql=[insert into products 
	(cid,img,title,product_code,product_info,start_price,price,sale,insurance,gift,description)
	values 
	('15','','ST1','ST123','','','123123','','','','')] --> 
01.06.2022 11:13:15 <!-- sql=[insert into products 
	(cid,img,title,product_code,product_info,start_price,price,sale,insurance,gift,description)
	values 
	('14','','VP1','VP1','','','123123','','','','')] --> 
01.06.2022 11:13:18 <!-- sql=[insert into products 
	(cid,img,title,product_code,product_info,start_price,price,sale,insurance,gift,description)
	values 
	('14','','VP1','VP1','','','123123','','','','')] --> 
01.06.2022 11:17:35 <!-- sql=[insert into products 
	(cid,img,title,product_code,product_info,start_price,price,sale,insurance,gift,description)
	values 
	('','1654125455.','','','','','','','','','')] --> 
02.06.2022 12:46:57 <!-- sql=[update products set img=n'../uploads/no-image-20220601-113520-20220602-124657.png',cid=n'17',title=n'k',product_code=n'abcd1233',product_info=n'',start_price=n'',price=n'11.111',sale=n'',insurance=n'',gift=n'',description=n''  where id=92] --> 
09.06.2022 12:38:08 <!-- sql=[delete from review_table   WHERE review_id =13] --> 
12.06.2022 01:03:00 <!-- sql=[update products set img=n'',cid=n'18',title=n'TBM',product_code=n'TBM1234',product_info=n'',start_price=n'123123123',price=n'234.234.234',sale=n'',insurance=n'',gift=n'',description=n''  where id=83] --> 
