09.06.2022 02:45:58 sql=[select * from user_table where username='admin'] 
09.06.2022 02:46:33 sql=[select * from user_table where username = 'admin'] 
09.06.2022 02:46:33 <!-- sql=[INSERT INTO user_table (username, password, phone) VALUES ('admin', '21232f297a57a5a743894a0e4a801fc3', '0902345934')] --> 
09.06.2022 02:46:47 sql=[select * from user_table where username='admin'] 
09.06.2022 02:47:29 sql=[select * from user_table where username='admin1'] 
09.06.2022 03:09:38 sql=[select * from user_table where username='admin10'] 
12.06.2022 01:00:41 sql=[select * from user_table where username='admin'] 
12.06.2022 01:00:53 sql=[select * from user_table where username='admin'] 
12.06.2022 01:08:23 sql=[select * from user_table where username='admin1'] 
12.06.2022 01:09:12 sql=[select * from user_table where username='admin1'] 
12.06.2022 01:09:13 sql=[select * from user_table where username='admin1'] 
12.06.2022 01:09:14 sql=[select * from user_table where username='admin1'] 
12.06.2022 01:09:14 sql=[select * from user_table where username='admin1'] 
12.06.2022 01:09:15 sql=[select * from user_table where username='admin1'] 
12.06.2022 01:09:37 sql=[select * from user_table where username = 'admin'] 
12.06.2022 01:09:37 <!-- sql=[INSERT INTO user_table (username, password, phone) VALUES ('admin', '21232f297a57a5a743894a0e4a801fc3', '123123123')] --> 
12.06.2022 01:09:46 sql=[select * from user_table where username='admin'] 
12.06.2022 01:11:11 sql=[select * from user_table where username='admin'] 
12.06.2022 01:11:14 sql=[select * from user_table where username = 'admin'] 
12.06.2022 01:11:14 <!-- sql=[INSERT INTO user_table (username, password, phone) VALUES ('admin', '21232f297a57a5a743894a0e4a801fc3', '123123')] --> 
12.06.2022 01:11:17 sql=[select * from user_table where username='admin'] 
12.06.2022 01:11:33 sql=[select * from user_table where username='admin'] 
12.06.2022 01:11:46 sql=[select * from user_table where username='admin'] 
12.06.2022 01:11:49 sql=[select * from user_table where username='admin'] 
12.06.2022 01:12:19 sql=[select * from user_table where username='admin'] 
12.06.2022 01:12:23 sql=[select * from user_table where username = 'admin'] 
12.06.2022 01:12:23 <!-- sql=[INSERT INTO user_table (username, password, phone) VALUES ('admin', '21232f297a57a5a743894a0e4a801fc3', '1213')] --> 
12.06.2022 01:12:25 sql=[select * from user_table where username='admin'] 
12.06.2022 01:12:41 sql=[select * from user_table where username='admin'] 
12.06.2022 01:13:44 sql=[select * from user_table where username = 'admin'] 
12.06.2022 01:13:44 <!-- sql=[INSERT INTO user_table (username, password, phone) VALUES ('admin', '21232f297a57a5a743894a0e4a801fc3', '1')] --> 
12.06.2022 01:13:46 sql=[select * from user_table where username='admin'] 
12.06.2022 01:14:00 sql=[select * from user_table where username='admin'] 
12.06.2022 01:14:13 sql=[select * from user_table where username='admin'] 
12.06.2022 01:14:15 sql=[select * from user_table where username='admin'] 
12.06.2022 01:14:34 sql=[select * from user_table where username = 'tung'] 
12.06.2022 01:14:34 <!-- sql=[INSERT INTO user_table (username, password, phone) VALUES ('tung', '9fde2d35543949891af3f6cec8450498', '123')] --> 
12.06.2022 01:14:39 sql=[select * from user_table where username='tung'] 
12.06.2022 01:14:42 sql=[select * from user_table where username='tung'] 
12.06.2022 01:14:50 sql=[select * from user_table where username = 'tung2'] 
12.06.2022 01:14:50 <!-- sql=[INSERT INTO user_table (username, password, phone) VALUES ('tung2', '08d054d3700615d71a03cd1c2492e999', '123')] --> 
12.06.2022 01:14:55 sql=[select * from user_table where username='tung2'] 
12.06.2022 01:19:32 sql=[select * from user_table where username='tung2'] 
