09.06.2022 02:46:54 sql=[select * from user_table 
	where id=17] 
09.06.2022 02:46:59 sql=[select * from user_table 
	where id=17] 
09.06.2022 02:52:18 sql=[select * from user_table 
	where id=17] 
09.06.2022 03:07:10 sql=[select * from user_table 
	where id=17] 
12.06.2022 01:03:16 sql=[select * from user_table 
	where id=17] 
12.06.2022 01:03:25 sql=[select * from user_table 
	where id=17] 
12.06.2022 01:04:57 sql=[select * from user_table 
	where id=17] 
12.06.2022 01:05:00 sql=[select * from user_table 
	where id=17] 
12.06.2022 01:05:51 sql=[select * from user_table 
	where id=17] 
12.06.2022 01:06:16 sql=[select * from user_table 
	where id=17] 
12.06.2022 01:07:20 sql=[select * from user_table 
	where id=17] 
12.06.2022 01:07:34 sql=[select * from user_table 
	where id=17] 
12.06.2022 01:08:09 sql=[select * from user_table 
	where id=17] 
12.06.2022 01:09:50 sql=[select * from user_table 
	where id=18] 
12.06.2022 01:10:14 sql=[select * from user_table 
	where id=18] 
12.06.2022 01:11:36 sql=[select * from user_table 
	where id=19] 
12.06.2022 01:13:06 sql=[select * from user_table 
	where id=20] 
12.06.2022 01:14:02 sql=[select * from user_table 
	where id=21] 
12.06.2022 01:53:55 sql=[select * from categories] 
12.06.2022 01:53:55 sql=[select * from categories] 
12.06.2022 01:53:55 sql=[SELECT * FROM products ORDER BY id DESC LIMIT 1] 
12.06.2022 01:54:00 sql=[select * from user_table 
	where id=34] 
12.06.2022 01:54:07 sql=[select * from user_table 
	where id=34] 
12.06.2022 01:58:47 sql=[select * from user_table 
	where id=34] 
12.06.2022 01:58:49 sql=[select * from user_table 
	where id=34] 
12.06.2022 02:04:04 sql=[select * from user_table 
	where id=] 
12.06.2022 02:04:04 Khong the select duoc,ERROR=[You have an error in your SQL syntax; check the manual that corresponds to your MySQL server version for the right syntax to use near '' at line 2] 
12.06.2022 02:04:04 COUNT=[0] 
12.06.2022 02:08:17 sql=[select * from categories] 
12.06.2022 02:08:17 sql=[select * from categories] 
12.06.2022 02:08:17 sql=[SELECT * FROM products ORDER BY id DESC LIMIT 1] 
12.06.2022 02:38:41 sql=[select * from user_table 
	where id=38] 
12.06.2022 02:38:43 sql=[select * from categories] 
12.06.2022 02:38:43 sql=[select * from categories] 
12.06.2022 02:38:43 sql=[SELECT * FROM products ORDER BY id DESC LIMIT 1] 
12.06.2022 02:53:42 sql=[select * from categories] 
12.06.2022 02:53:42 sql=[select * from categories] 
12.06.2022 02:53:42 sql=[SELECT * FROM products ORDER BY id DESC LIMIT 1] 
12.06.2022 02:53:46 sql=[select * from user_table 
	where id=41] 
