09.06.2022 12:37:46 sql=[SELECT * FROM categories] 
09.06.2022 12:37:46 sql=[SELECT * FROM categories] 
09.06.2022 12:37:46 sql=[SELECT * FROM products ORDER BY id DESC LIMIT 1] 
09.06.2022 12:37:46 sql=[select * from products where cid=1] 
09.06.2022 12:37:46 sql=[select * from products where cid=2] 
09.06.2022 12:37:46 sql=[select * from products where cid=3] 
09.06.2022 12:37:46 sql=[select * from products where cid=4] 
09.06.2022 12:37:46 sql=[select * from products where cid=5] 
09.06.2022 12:37:46 sql=[select * from products where cid=6] 
09.06.2022 12:37:46 sql=[select * from products where cid=7] 
09.06.2022 12:37:46 sql=[select * from products where cid=8] 
09.06.2022 12:37:49 sql=[select * from products where id=2] 
09.06.2022 12:37:49 sql=[select * from products 
	where cid=1 and id !=2] 
09.06.2022 12:37:49 sql=[select * from categories where id=1] 
09.06.2022 12:37:49 sql=[select * from categories] 
09.06.2022 12:37:49 sql=[SELECT * FROM products ORDER BY id DESC LIMIT 1] 
09.06.2022 12:37:49 sql=[SELECT * FROM review_table WHERE pid =2] 
09.06.2022 12:38:14 sql=[select * from products where id=2] 
09.06.2022 12:38:14 sql=[select * from products 
	where cid=1 and id !=2] 
09.06.2022 12:38:14 sql=[select * from categories where id=1] 
09.06.2022 12:38:14 sql=[select * from categories] 
09.06.2022 12:38:14 sql=[SELECT * FROM products ORDER BY id DESC LIMIT 1] 
09.06.2022 12:38:14 sql=[SELECT * FROM review_table WHERE pid =2] 
09.06.2022 12:45:30 sql=[SELECT * FROM categories] 
09.06.2022 12:45:30 sql=[SELECT * FROM categories] 
09.06.2022 12:45:30 sql=[SELECT * FROM products ORDER BY id DESC LIMIT 1] 
09.06.2022 12:45:30 sql=[select * from products where cid=1] 
09.06.2022 12:45:30 sql=[select * from products where cid=2] 
09.06.2022 12:45:30 sql=[select * from products where cid=3] 
09.06.2022 12:45:30 sql=[select * from products where cid=4] 
09.06.2022 12:45:30 sql=[select * from products where cid=5] 
09.06.2022 12:45:30 sql=[select * from products where cid=6] 
09.06.2022 12:45:30 sql=[select * from products where cid=7] 
09.06.2022 12:45:30 sql=[select * from products where cid=8] 
09.06.2022 12:45:33 sql=[select * from products where id=4] 
09.06.2022 12:45:33 sql=[select * from products 
	where cid=1 and id !=4] 
09.06.2022 12:45:33 sql=[select * from categories where id=1] 
09.06.2022 12:45:33 sql=[select * from categories] 
09.06.2022 12:45:33 sql=[SELECT * FROM products ORDER BY id DESC LIMIT 1] 
09.06.2022 12:45:33 sql=[SELECT * FROM review_table WHERE pid =4] 
09.06.2022 12:46:10 sql=[select * from products where id=15] 
09.06.2022 12:46:10 sql=[select * from products 
	where cid=1 and id !=15] 
09.06.2022 12:46:10 sql=[select * from categories where id=1] 
09.06.2022 12:46:10 sql=[select * from categories] 
09.06.2022 12:46:10 sql=[SELECT * FROM products ORDER BY id DESC LIMIT 1] 
09.06.2022 12:46:10 sql=[SELECT * FROM review_table WHERE pid =15] 
09.06.2022 12:47:21 sql=[select * from products where id=15] 
09.06.2022 12:47:21 sql=[select * from products 
	where cid=1 and id !=15] 
09.06.2022 12:47:21 sql=[select * from categories where id=1] 
09.06.2022 12:47:21 sql=[select * from categories] 
09.06.2022 12:47:21 sql=[SELECT * FROM products ORDER BY id DESC LIMIT 1] 
09.06.2022 12:47:21 sql=[SELECT * FROM review_table WHERE pid =15] 
09.06.2022 12:47:27 sql=[select * from products where id=15] 
09.06.2022 12:47:27 sql=[select * from products 
	where cid=1 and id !=15] 
09.06.2022 12:47:27 sql=[select * from categories where id=1] 
09.06.2022 12:47:27 sql=[select * from categories] 
09.06.2022 12:47:27 sql=[SELECT * FROM products ORDER BY id DESC LIMIT 1] 
09.06.2022 12:47:27 sql=[SELECT * FROM review_table WHERE pid =15] 
09.06.2022 12:47:44 sql=[select * from products where id=15] 
09.06.2022 12:47:44 sql=[select * from products 
	where cid=1 and id !=15] 
09.06.2022 12:47:44 sql=[select * from categories where id=1] 
09.06.2022 12:47:45 sql=[select * from categories] 
09.06.2022 12:47:45 sql=[SELECT * FROM products ORDER BY id DESC LIMIT 1] 
09.06.2022 12:47:45 sql=[SELECT * FROM review_table WHERE pid =15] 
09.06.2022 12:48:21 sql=[select * from products where id=15] 
09.06.2022 12:48:21 sql=[select * from products 
	where cid=1 and id !=15] 
09.06.2022 12:48:21 sql=[select * from categories where id=1] 
09.06.2022 12:48:21 sql=[select * from categories] 
09.06.2022 12:48:21 sql=[SELECT * FROM products ORDER BY id DESC LIMIT 1] 
09.06.2022 12:48:21 sql=[SELECT * FROM review_table WHERE pid =15] 
09.06.2022 12:48:24 sql=[select * from products where id=15] 
09.06.2022 12:48:24 sql=[select * from products 
	where cid=1 and id !=15] 
09.06.2022 12:48:24 sql=[select * from categories where id=1] 
09.06.2022 12:48:24 sql=[select * from categories] 
09.06.2022 12:48:24 sql=[SELECT * FROM products ORDER BY id DESC LIMIT 1] 
09.06.2022 12:48:24 sql=[SELECT * FROM review_table WHERE pid =15] 
09.06.2022 12:53:53 sql=[select * from products where id=15] 
09.06.2022 12:53:53 sql=[select * from products 
	where cid=1 and id !=15] 
09.06.2022 12:53:53 sql=[select * from categories where id=1] 
09.06.2022 12:53:53 sql=[select * from categories] 
09.06.2022 12:53:53 sql=[SELECT * FROM products ORDER BY id DESC LIMIT 1] 
09.06.2022 12:53:53 sql=[SELECT * FROM review_table WHERE pid =15] 
09.06.2022 12:54:13 sql=[select * from products where id=15] 
09.06.2022 12:54:13 sql=[select * from products 
	where cid=1 and id !=15] 
09.06.2022 12:54:13 sql=[select * from categories where id=1] 
09.06.2022 12:54:13 sql=[select * from categories] 
09.06.2022 12:54:13 sql=[SELECT * FROM products ORDER BY id DESC LIMIT 1] 
09.06.2022 12:54:13 sql=[SELECT * FROM review_table WHERE pid =15] 
09.06.2022 12:54:50 sql=[select * from products where id=15] 
09.06.2022 12:54:50 sql=[select * from products 
	where cid=1 and id !=15] 
09.06.2022 12:54:50 sql=[select * from categories where id=1] 
09.06.2022 12:54:50 sql=[select * from categories] 
09.06.2022 12:54:50 sql=[SELECT * FROM products ORDER BY id DESC LIMIT 1] 
09.06.2022 12:54:50 sql=[SELECT * FROM review_table WHERE pid =15] 
09.06.2022 12:56:28 sql=[select * from products where id=15] 
09.06.2022 12:56:28 sql=[select * from products 
	where cid=1 and id !=15] 
09.06.2022 12:56:28 sql=[select * from categories where id=1] 
09.06.2022 12:56:28 sql=[select * from categories] 
09.06.2022 12:56:28 sql=[SELECT * FROM products ORDER BY id DESC LIMIT 1] 
09.06.2022 12:56:28 sql=[SELECT * FROM review_table WHERE pid =15] 
09.06.2022 12:57:07 sql=[select * from products where id=15] 
09.06.2022 12:57:07 sql=[select * from products 
	where cid=1 and id !=15] 
09.06.2022 12:57:07 sql=[select * from categories where id=1] 
09.06.2022 12:57:07 sql=[select * from categories] 
09.06.2022 12:57:07 sql=[SELECT * FROM products ORDER BY id DESC LIMIT 1] 
09.06.2022 12:57:07 sql=[SELECT * FROM review_table WHERE pid =15] 
09.06.2022 02:45:53 sql=[SELECT * FROM categories] 
09.06.2022 02:45:53 sql=[SELECT * FROM categories] 
09.06.2022 02:45:53 sql=[SELECT * FROM products ORDER BY id DESC LIMIT 1] 
09.06.2022 02:45:53 sql=[select * from products where cid=1] 
09.06.2022 02:45:53 sql=[select * from products where cid=2] 
09.06.2022 02:45:53 sql=[select * from products where cid=3] 
09.06.2022 02:45:53 sql=[select * from products where cid=4] 
09.06.2022 02:45:53 sql=[select * from products where cid=5] 
09.06.2022 02:45:53 sql=[select * from products where cid=6] 
09.06.2022 02:45:53 sql=[select * from products where cid=7] 
09.06.2022 02:45:53 sql=[select * from products where cid=8] 
09.06.2022 02:46:47 sql=[SELECT * FROM products ORDER BY id DESC LIMIT 1] 
09.06.2022 02:46:47 sql=[SELECT * FROM user_table ORDER BY id DESC LIMIT 1] 
09.06.2022 02:46:47 sql=[select * from categories] 
09.06.2022 02:46:47 <!-- sql=[update user_table set username=n'',phone=n'',email=n'',gender=n'0',address=n''  where id=0] --> 
09.06.2022 02:46:56 sql=[SELECT * FROM products ORDER BY id DESC LIMIT 1] 
09.06.2022 02:46:56 sql=[SELECT * FROM user_table ORDER BY id DESC LIMIT 1] 
09.06.2022 02:46:57 sql=[select * from categories] 
09.06.2022 02:46:57 <!-- sql=[update user_table set username=n'',phone=n'',email=n'',gender=n'0',address=n''  where id=0] --> 
09.06.2022 02:47:05 sql=[SELECT * FROM products ORDER BY id DESC LIMIT 1] 
09.06.2022 02:47:05 sql=[SELECT * FROM user_table ORDER BY id DESC LIMIT 1] 
09.06.2022 02:47:05 sql=[select * from categories] 
09.06.2022 02:47:05 <!-- sql=[update user_table set username=n'',phone=n'',email=n'',gender=n'0',address=n''  where id=0] --> 
09.06.2022 02:47:24 sql=[SELECT * FROM categories] 
09.06.2022 02:47:24 sql=[SELECT * FROM categories] 
09.06.2022 02:47:24 sql=[SELECT * FROM products ORDER BY id DESC LIMIT 1] 
09.06.2022 02:47:24 sql=[select * from products where cid=1] 
09.06.2022 02:47:24 sql=[select * from products where cid=2] 
09.06.2022 02:47:24 sql=[select * from products where cid=3] 
09.06.2022 02:47:24 sql=[select * from products where cid=4] 
09.06.2022 02:47:24 sql=[select * from products where cid=5] 
09.06.2022 02:47:24 sql=[select * from products where cid=6] 
09.06.2022 02:47:24 sql=[select * from products where cid=7] 
09.06.2022 02:47:24 sql=[select * from products where cid=8] 
09.06.2022 02:47:29 sql=[SELECT * FROM products ORDER BY id DESC LIMIT 1] 
09.06.2022 02:47:29 sql=[SELECT * FROM user_table ORDER BY id DESC LIMIT 1] 
09.06.2022 02:47:29 sql=[select * from categories] 
09.06.2022 02:47:29 <!-- sql=[update user_table set username=n'',phone=n'',email=n'',gender=n'0',address=n''  where id=0] --> 
09.06.2022 02:51:32 sql=[SELECT * FROM products ORDER BY id DESC LIMIT 1] 
09.06.2022 02:51:32 sql=[SELECT * FROM user_table ORDER BY id DESC LIMIT 1] 
09.06.2022 02:51:32 sql=[select * from categories] 
09.06.2022 02:51:32 <!-- sql=[update user_table set username=n'',phone=n'',email=n'',gender=n'0',address=n''  where id=0] --> 
09.06.2022 03:01:26 sql=[SELECT * FROM products ORDER BY id DESC LIMIT 1] 
09.06.2022 03:01:26 sql=[SELECT * FROM user_table ORDER BY id DESC LIMIT 1] 
09.06.2022 03:01:26 sql=[select * from categories] 
09.06.2022 03:01:26 <!-- sql=[update user_table set username=n'',phone=n'',email=n'',gender=n'0',address=n''  where id=0] --> 
09.06.2022 03:07:29 sql=[SELECT * FROM categories] 
09.06.2022 03:07:29 sql=[SELECT * FROM categories] 
09.06.2022 03:07:29 sql=[SELECT * FROM products ORDER BY id DESC LIMIT 1] 
09.06.2022 03:07:29 sql=[select * from products where cid=1] 
09.06.2022 03:07:29 sql=[select * from products where cid=2] 
09.06.2022 03:07:29 sql=[select * from products where cid=3] 
09.06.2022 03:07:30 sql=[select * from products where cid=4] 
09.06.2022 03:07:30 sql=[select * from products where cid=5] 
09.06.2022 03:07:30 sql=[select * from products where cid=6] 
09.06.2022 03:07:30 sql=[select * from products where cid=7] 
09.06.2022 03:07:30 sql=[select * from products where cid=8] 
09.06.2022 03:08:59 sql=[SELECT * FROM categories] 
09.06.2022 03:08:59 sql=[SELECT * FROM categories] 
09.06.2022 03:08:59 sql=[SELECT * FROM products ORDER BY id DESC LIMIT 1] 
09.06.2022 03:08:59 sql=[select * from products where cid=1] 
09.06.2022 03:08:59 sql=[select * from products where cid=2] 
09.06.2022 03:08:59 sql=[select * from products where cid=3] 
09.06.2022 03:08:59 sql=[select * from products where cid=4] 
09.06.2022 03:08:59 sql=[select * from products where cid=5] 
09.06.2022 03:08:59 sql=[select * from products where cid=6] 
09.06.2022 03:08:59 sql=[select * from products where cid=7] 
09.06.2022 03:08:59 sql=[select * from products where cid=8] 
09.06.2022 03:09:38 sql=[SELECT * FROM products ORDER BY id DESC LIMIT 1] 
09.06.2022 03:09:38 sql=[SELECT * FROM user_table ORDER BY id DESC LIMIT 1] 
09.06.2022 03:09:38 sql=[select * from categories] 
09.06.2022 03:09:38 <!-- sql=[update user_table set username=n'',phone=n'',email=n'',gender=n'0',address=n''  where id=0] --> 
09.06.2022 03:09:54 sql=[SELECT * FROM products ORDER BY id DESC LIMIT 1] 
09.06.2022 03:09:54 sql=[SELECT * FROM user_table ORDER BY id DESC LIMIT 1] 
09.06.2022 03:09:54 sql=[select * from categories] 
09.06.2022 03:09:54 <!-- sql=[update user_table set username=n'',phone=n'',email=n'',gender=n'0',address=n''  where id=0] --> 
09.06.2022 03:10:44 sql=[SELECT * FROM products ORDER BY id DESC LIMIT 1] 
09.06.2022 03:10:44 sql=[SELECT * FROM user_table ORDER BY id DESC LIMIT 1] 
09.06.2022 03:10:44 sql=[select * from categories] 
09.06.2022 03:10:44 <!-- sql=[update user_table set username=n'',phone=n'',email=n'',gender=n'0',address=n''  where id=0] --> 
09.06.2022 03:10:57 sql=[SELECT * FROM products ORDER BY id DESC LIMIT 1] 
09.06.2022 03:10:57 sql=[SELECT * FROM user_table ORDER BY id DESC LIMIT 1] 
09.06.2022 03:10:57 sql=[select * from categories] 
09.06.2022 03:10:57 <!-- sql=[update user_table set username=n'',phone=n'',email=n'',gender=n'0',address=n''  where id=0] --> 
09.06.2022 03:11:02 sql=[SELECT * FROM products ORDER BY id DESC LIMIT 1] 
09.06.2022 03:11:02 sql=[SELECT * FROM user_table ORDER BY id DESC LIMIT 1] 
09.06.2022 03:11:02 sql=[select * from categories] 
09.06.2022 03:11:02 <!-- sql=[update user_table set username=n'',phone=n'',email=n'',gender=n'0',address=n''  where id=0] --> 
09.06.2022 03:11:25 sql=[SELECT * FROM products ORDER BY id DESC LIMIT 1] 
09.06.2022 03:11:25 sql=[SELECT * FROM user_table ORDER BY id DESC LIMIT 1] 
09.06.2022 03:11:25 sql=[select * from categories] 
09.06.2022 03:11:25 <!-- sql=[update user_table set username=n'',phone=n'',email=n'',gender=n'0',address=n''  where id=0] --> 
09.06.2022 03:11:28 sql=[SELECT * FROM products ORDER BY id DESC LIMIT 1] 
09.06.2022 03:11:28 sql=[SELECT * FROM user_table ORDER BY id DESC LIMIT 1] 
09.06.2022 03:11:28 sql=[select * from categories] 
09.06.2022 03:11:28 <!-- sql=[update user_table set username=n'',phone=n'',email=n'',gender=n'0',address=n''  where id=0] --> 
09.06.2022 03:11:31 sql=[SELECT * FROM products ORDER BY id DESC LIMIT 1] 
09.06.2022 03:11:31 sql=[SELECT * FROM user_table ORDER BY id DESC LIMIT 1] 
09.06.2022 03:11:31 sql=[select * from categories] 
09.06.2022 03:11:31 <!-- sql=[update user_table set username=n'',phone=n'',email=n'',gender=n'0',address=n''  where id=0] --> 
